<?xml version="1.0" encoding="UTF-8"?>
<!-- Generated by org.testng.reporters.JUnitReportReporter -->
<testsuite hostname="DESKTOP-1JBSF4H" failures="0" tests="1" name="Varsity_mentor.TC_11_It_should_be_submit" time="50.243" errors="0" timestamp="2024-07-17T12:12:22 IST" skipped="0">
  <testcase classname="Varsity_mentor.TC_11_It_should_be_submit" name="Fill_last_current_company_with_blank_value" time="50.243"/>
  <system-out/>
</testsuite> <!-- Varsity_mentor.TC_11_It_should_be_submit -->
