<?xml version="1.0" encoding="UTF-8"?>
<!-- Generated by org.testng.reporters.JUnitReportReporter -->
<testsuite hostname="DESKTOP-1JBSF4H" failures="0" tests="3" name="Testwithtestng.Recritmenttoolwithtestng" time="0.019" errors="0" timestamp="2024-07-02T12:31:06 IST" skipped="0">
  <testcase classname="Testwithtestng.Recritmenttoolwithtestng" name="openapp" time="0.013"/>
  <system-out/>
  <testcase classname="Testwithtestng.Recritmenttoolwithtestng" name="login" time="0.002"/>
  <system-out/>
  <testcase classname="Testwithtestng.Recritmenttoolwithtestng" name="logout" time="0.004"/>
  <system-out/>
</testsuite> <!-- Testwithtestng.Recritmenttoolwithtestng -->
