<?xml version="1.0" encoding="UTF-8"?>
<!-- Generated by org.testng.reporters.JUnitReportReporter -->
<testsuite hostname="DESKTOP-1JBSF4H" failures="0" tests="1" name="pixlogix.Tc_5_Resume_should_upload_" time="0.448" errors="0" timestamp="2024-07-16T15:35:02 IST" skipped="0">
  <testcase classname="pixlogix.Tc_5_Resume_should_upload_" name="Resume_file_is_updating" time="0.448"/>
  <system-out/>
</testsuite> <!-- pixlogix.Tc_5_Resume_should_upload_ -->
