<?xml version="1.0" encoding="UTF-8"?>
<!-- Generated by org.testng.reporters.JUnitReportReporter -->
<testsuite hostname="DESKTOP-1JBSF4H" failures="0" tests="1" name="Varsity_mentor.Button_enable_check" time="61.714" errors="0" timestamp="2024-07-15T18:34:04 IST" skipped="0">
  <testcase classname="Varsity_mentor.Button_enable_check" name="button_check" time="61.714"/>
  <system-out/>
</testsuite> <!-- Varsity_mentor.Button_enable_check -->
