<?xml version="1.0" encoding="UTF-8"?>
<!-- Generated by org.testng.reporters.JUnitReportReporter -->
<testsuite hostname="DESKTOP-1JBSF4H" failures="0" tests="1" name="pixlogix.Tc_11_it_should_not_submit" time="2.038" errors="0" timestamp="2024-07-16T15:35:02 IST" skipped="0">
  <testcase classname="pixlogix.Tc_11_it_should_not_submit" name="Fill_required_field_with_notice_time_blank" time="2.038"/>
  <system-out/>
</testsuite> <!-- pixlogix.Tc_11_it_should_not_submit -->
