<?xml version="1.0" encoding="UTF-8"?>
<!-- Generated by org.testng.reporters.JUnitReportReporter -->
<testsuite hostname="DESKTOP-1JBSF4H" failures="0" tests="1" name="pixlogix.Tc_4_It_should_not_submit" time="22.745" errors="0" timestamp="2024-07-16T15:35:02 IST" skipped="0">
  <testcase classname="pixlogix.Tc_4_It_should_not_submit" name="Fill_with_ivalid_mailid_structure_error_message_should_show" time="22.745"/>
  <system-out/>
</testsuite> <!-- pixlogix.Tc_4_It_should_not_submit -->
