<?xml version="1.0" encoding="UTF-8"?>
<!-- Generated by org.testng.reporters.JUnitReportReporter -->
<testsuite hostname="DESKTOP-1JBSF4H" failures="0" tests="1" name="Varsity_mentor.Checkbox_select" time="44.198" errors="0" timestamp="2024-07-15T18:34:04 IST" skipped="0">
  <testcase classname="Varsity_mentor.Checkbox_select" name="Checkbox_select_ir_not" time="44.198"/>
  <system-out/>
</testsuite> <!-- Varsity_mentor.Checkbox_select -->
