<?xml version="1.0" encoding="UTF-8"?>
<!-- Generated by org.testng.reporters.JUnitReportReporter -->
<testsuite hostname="DESKTOP-1JBSF4H" failures="0" tests="1" name="pixlogix.fill_with_required_field_blank_2" time="6.088" errors="0" timestamp="2024-07-15T17:10:37 IST" skipped="0">
  <testcase classname="pixlogix.fill_with_required_field_blank_2" name="fill_with_required_field_blank_value_exprience" time="6.088"/>
  <system-out/>
</testsuite> <!-- pixlogix.fill_with_required_field_blank_2 -->
