<?xml version="1.0" encoding="UTF-8"?>
<!-- Generated by org.testng.reporters.JUnitReportReporter -->
<testsuite hostname="DESKTOP-1JBSF4H" failures="0" tests="1" name="pixlogix.Dropdown_value_select_or_not" time="0.526" errors="0" timestamp="2024-07-15T17:10:37 IST" skipped="0">
  <testcase classname="pixlogix.Dropdown_value_select_or_not" name="When_we_click_on_dropdown_Value_shoud_select" time="0.526"/>
  <system-out/>
</testsuite> <!-- pixlogix.Dropdown_value_select_or_not -->
