<?xml version="1.0" encoding="UTF-8"?>
<!-- Generated by org.testng.reporters.JUnitReportReporter -->
<testsuite hostname="DESKTOP-1JBSF4H" failures="0" tests="1" name="pixlogix.fill_with_blank_value" time="7.138" errors="0" timestamp="2024-07-15T17:10:37 IST" skipped="0">
  <testcase classname="pixlogix.fill_with_blank_value" name="fill_with_blank_value__error_message_should_show" time="7.138"/>
  <system-out/>
</testsuite> <!-- pixlogix.fill_with_blank_value -->
