<?xml version="1.0" encoding="UTF-8"?>
<!-- Generated by org.testng.reporters.JUnitReportReporter -->
<testsuite hostname="DESKTOP-1JBSF4H" failures="0" tests="1" name="pixlogix.Tc_1_It_should_be_submit" time="14.295" errors="0" timestamp="2024-07-18T11:00:06 IST" skipped="0">
  <testcase classname="pixlogix.Tc_1_It_should_be_submit" name="Fill_With_Positive_value_sucessful_message_should_show" time="14.295"/>
  <system-out/>
</testsuite> <!-- pixlogix.Tc_1_It_should_be_submit -->
