<?xml version="1.0" encoding="UTF-8"?>
<!-- Generated by org.testng.reporters.JUnitReportReporter -->
<testsuite hostname="DESKTOP-1JBSF4H" failures="0" tests="1" name="pixlogix.Tc_6_it_should_not_submit_" time="10.410" errors="0" timestamp="2024-07-16T15:35:02 IST" skipped="0">
  <testcase classname="pixlogix.Tc_6_it_should_not_submit_" name="Fill_with_required_field_age_blank" time="10.410"/>
  <system-out/>
</testsuite> <!-- pixlogix.Tc_6_it_should_not_submit_ -->
