<?xml version="1.0" encoding="UTF-8"?>
<!-- Generated by org.testng.reporters.JUnitReportReporter -->
<testsuite hostname="DESKTOP-1JBSF4H" failures="0" tests="1" name="pixlogix.fill_with_required_field_blank_9" time="7.259" errors="0" timestamp="2024-07-15T17:10:37 IST" skipped="0">
  <testcase classname="pixlogix.fill_with_required_field_blank_9" name="fill_with_required_field_blank_value_Skills" time="7.259"/>
  <system-out/>
</testsuite> <!-- pixlogix.fill_with_required_field_blank_9 -->
