<?xml version="1.0" encoding="UTF-8"?>
<!-- Generated by org.testng.reporters.JUnitReportReporter -->
<testsuite hostname="DESKTOP-1JBSF4H" failures="0" tests="1" name="pixlogix.fill_with_only_required_field" time="6.028" errors="0" timestamp="2024-07-15T17:10:37 IST" skipped="0">
  <testcase classname="pixlogix.fill_with_only_required_field" name="fill_with_only_required_field__result_successful_message" time="6.028"/>
  <system-out/>
</testsuite> <!-- pixlogix.fill_with_only_required_field -->
