<?xml version="1.0" encoding="UTF-8"?>
<!-- Generated by org.testng.reporters.JUnitReportReporter -->
<testsuite hostname="DESKTOP-1JBSF4H" failures="0" tests="1" name="Varsity_mentor.TC_14_It_should_be_submit" time="36.073" errors="0" timestamp="2024-07-17T12:21:31 IST" skipped="0">
  <testcase classname="Varsity_mentor.TC_14_It_should_be_submit" name="Fill_last_mentorship_with_blank_value" time="36.073"/>
  <system-out/>
</testsuite> <!-- Varsity_mentor.TC_14_It_should_be_submit -->
