<?xml version="1.0" encoding="UTF-8"?>
<!-- Generated by org.testng.reporters.JUnitReportReporter -->
<testsuite hostname="DESKTOP-1JBSF4H" failures="0" tests="1" name="pixlogix.fill_with_valid" time="3.648" errors="0" timestamp="2024-07-15T17:10:37 IST" skipped="0">
  <testcase classname="pixlogix.fill_with_valid" name="With_Positive_value_sucessful_message" time="3.648"/>
  <system-out/>
</testsuite> <!-- pixlogix.fill_with_valid -->
