<?xml version="1.0" encoding="UTF-8"?>
<!-- Generated by org.testng.reporters.JUnitReportReporter -->
<testsuite hostname="DESKTOP-1JBSF4H" failures="0" tests="1" name="pixlogix.Tc_26_it_should_be_submit" time="1.984" errors="0" timestamp="2024-07-16T15:35:02 IST" skipped="0">
  <testcase classname="pixlogix.Tc_26_it_should_be_submit" name="Fill_with_only_required_field__result_positive" time="1.984"/>
  <system-out/>
</testsuite> <!-- pixlogix.Tc_26_it_should_be_submit -->
