<?xml version="1.0" encoding="UTF-8"?>
<!-- Generated by org.testng.reporters.JUnitReportReporter -->
<testsuite hostname="DESKTOP-1JBSF4H" failures="0" tests="1" name="Varsity_mentor.TC_12_It_should_be_submit" time="63.740" errors="0" timestamp="2024-07-17T12:17:16 IST" skipped="0">
  <testcase classname="Varsity_mentor.TC_12_It_should_be_submit" name="Fill_industry_sector_with_blank_value" time="63.740"/>
  <system-out/>
</testsuite> <!-- Varsity_mentor.TC_12_It_should_be_submit -->
