<?xml version="1.0" encoding="UTF-8"?>
<!-- Generated by org.testng.reporters.JUnitReportReporter -->
<testsuite hostname="DESKTOP-1JBSF4H" failures="0" tests="1" name="pixlogix.invalidmail" time="2.806" errors="0" timestamp="2024-07-12T11:59:03 IST" skipped="0">
  <testcase classname="pixlogix.invalidmail" name="invalidmailid" time="2.806"/>
  <system-out/>
</testsuite> <!-- pixlogix.invalidmail -->
