<?xml version="1.0" encoding="UTF-8"?>
<!-- Generated by org.testng.reporters.JUnitReportReporter -->
<testsuite hostname="DESKTOP-1JBSF4H" failures="0" tests="1" name="pixlogix.fill_with_required_field_blank" time="20.198" errors="0" timestamp="2024-07-12T20:42:52 IST" skipped="0">
  <testcase classname="pixlogix.fill_with_required_field_blank" name="fill_with_required_field_blank_value_location" time="20.198"/>
  <system-out/>
</testsuite> <!-- pixlogix.fill_with_required_field_blank -->
