<?xml version="1.0" encoding="UTF-8"?>
<!-- Generated by org.testng.reporters.JUnitReportReporter -->
<testsuite hostname="DESKTOP-1JBSF4H" failures="0" tests="1" name="pixlogix.Logo_check" time="0.108" errors="0" timestamp="2024-07-15T17:10:37 IST" skipped="0">
  <testcase classname="pixlogix.Logo_check" name="Pixlogix_logo_showing_proper" time="0.108"/>
  <system-out/>
</testsuite> <!-- pixlogix.Logo_check -->
