<?xml version="1.0" encoding="UTF-8"?>
<!-- Generated by org.testng.reporters.JUnitReportReporter -->
<testsuite hostname="DESKTOP-1JBSF4H" failures="0" tests="1" name="pixlogix.Tc_3_logo_should_be_visible" time="0.073" errors="0" timestamp="2024-07-16T15:35:02 IST" skipped="0">
  <testcase classname="pixlogix.Tc_3_logo_should_be_visible" name="Pixlogix_logo_should_show_properly" time="0.073"/>
  <system-out/>
</testsuite> <!-- pixlogix.Tc_3_logo_should_be_visible -->
