<?xml version="1.0" encoding="UTF-8"?>
<!-- Generated by org.testng.reporters.JUnitReportReporter -->
<testsuite hostname="DESKTOP-1JBSF4H" failures="0" tests="1" name="Varsity_mentor.With_blank_6" time="54.935" errors="0" timestamp="2024-07-15T18:34:04 IST" skipped="0">
  <testcase classname="Varsity_mentor.With_blank_6" name="Posive_case_with_new" time="54.935"/>
  <system-out/>
</testsuite> <!-- Varsity_mentor.With_blank_6 -->
