<?xml version="1.0" encoding="UTF-8"?>
<!-- Generated by org.testng.reporters.JUnitReportReporter -->
<testsuite hostname="DESKTOP-1JBSF4H" failures="0" tests="1" name="pixlogix.Positive" time="3.316" errors="0" timestamp="2024-07-12T11:59:03 IST" skipped="0">
  <testcase classname="pixlogix.Positive" name="Positive_case" time="3.316"/>
  <system-out/>
</testsuite> <!-- pixlogix.Positive -->
