<?xml version="1.0" encoding="UTF-8"?>
<!-- Generated by org.testng.reporters.JUnitReportReporter -->
<testsuite hostname="DESKTOP-1JBSF4H" failures="0" tests="1" name="pixlogix.Resume_upload_remove" time="0.212" errors="0" timestamp="2024-07-12T11:59:03 IST" skipped="0">
  <testcase classname="pixlogix.Resume_upload_remove" name="Resume_upload_remove_0r_not" time="0.212"/>
  <system-out/>
</testsuite> <!-- pixlogix.Resume_upload_remove -->
