<?xml version="1.0" encoding="UTF-8"?>
<!-- Generated by org.testng.reporters.JUnitReportReporter -->
<testsuite hostname="DESKTOP-1JBSF4H" failures="0" tests="1" name="Varsity_mentor.TC_1_It_should_be_submit" time="38.589" errors="0" timestamp="2024-07-17T15:06:21 IST" skipped="0">
  <testcase classname="Varsity_mentor.TC_1_It_should_be_submit" name="Fill_Positve_value_with_new_radio_button_click" time="38.589"/>
  <system-out/>
</testsuite> <!-- Varsity_mentor.TC_1_It_should_be_submit -->
