<?xml version="1.0" encoding="UTF-8"?>
<!-- Generated by org.testng.reporters.JUnitReportReporter -->
<testsuite hostname="DESKTOP-1JBSF4H" failures="0" tests="1" name="pixlogix.Dropdown_select" time="1.343" errors="0" timestamp="2024-07-11T17:56:56 IST" skipped="0">
  <testcase classname="pixlogix.Dropdown_select" name="Dropdown_select_select_or_not" time="1.343"/>
  <system-out/>
</testsuite> <!-- pixlogix.Dropdown_select -->
