<?xml version="1.0" encoding="UTF-8"?>
<!-- Generated by org.testng.reporters.JUnitReportReporter -->
<testsuite hostname="DESKTOP-1JBSF4H" failures="0" tests="1" name="pixlogix.blank" time="2.732" errors="0" timestamp="2024-07-11T17:56:56 IST" skipped="0">
  <testcase classname="pixlogix.blank" name="blank_data" time="2.732"/>
  <system-out/>
</testsuite> <!-- pixlogix.blank -->
