<?xml version="1.0" encoding="UTF-8"?>
<!-- Generated by org.testng.reporters.JUnitReportReporter -->
<testsuite hostname="DESKTOP-1JBSF4H" failures="0" tests="1" name="pixlogix.Tc_1_dropdown_value_should_be_select" time="0.696" errors="0" timestamp="2024-07-15T19:39:06 IST" skipped="0">
  <testcase classname="pixlogix.Tc_1_dropdown_value_should_be_select" name="When_we_click_on_dropdown_it_Value_shoud_select" time="0.696"/>
  <system-out/>
</testsuite> <!-- pixlogix.Tc_1_dropdown_value_should_be_select -->
