<?xml version="1.0" encoding="UTF-8"?>
<!-- Generated by org.testng.reporters.JUnitReportReporter -->
<testsuite hostname="DESKTOP-1JBSF4H" failures="0" tests="3" name="Recruitmenttooltestng" time="38.607" errors="0" timestamp="2024-07-02T12:55:03 IST" skipped="0">
  <testcase classname="Recruitmenttooltestng" name="openapp" time="26.954"/>
  <system-out/>
  <testcase classname="Recruitmenttooltestng" name="testlogo" time="6.289"/>
  <system-out/>
  <testcase classname="Recruitmenttooltestng" name="login" time="5.364"/>
  <system-out/>
</testsuite> <!-- Recruitmenttooltestng -->
