<?xml version="1.0" encoding="UTF-8"?>
<!-- Generated by org.testng.reporters.JUnitReportReporter -->
<testsuite hostname="DESKTOP-1JBSF4H" failures="0" tests="7" name="Loginwithseleniumtestng.Logintestng" time="64.228" errors="0" timestamp="2024-07-02T17:39:12 IST" skipped="0">
  <testcase classname="Loginwithseleniumtestng.Logintestng" name="openapp_tc1" time="31.933"/>
  <system-out/>
  <testcase classname="Loginwithseleniumtestng.Logintestng" name="loginwith_nagativevalue_tc2" time="5.676"/>
  <system-out/>
  <testcase classname="Loginwithseleniumtestng.Logintestng" name="loginwith_blankbalue_tc4" time="5.321"/>
  <system-out/>
  <testcase classname="Loginwithseleniumtestng.Logintestng" name="loginwith_validuser_invalidpass_tc5" time="5.341"/>
  <system-out/>
  <testcase classname="Loginwithseleniumtestng.Logintestng" name="loginwith_valid_blank_tc6" time="5.298"/>
  <system-out/>
  <testcase classname="Loginwithseleniumtestng.Logintestng" name="loginwith_validpass_invaliduser_tc7" time="5.341"/>
  <system-out/>
  <testcase classname="Loginwithseleniumtestng.Logintestng" name="loginwith_positive_tc2" time="5.318"/>
  <system-out/>
</testsuite> <!-- Loginwithseleniumtestng.Logintestng -->
