<?xml version="1.0" encoding="UTF-8"?>
<!-- Generated by org.testng.reporters.JUnitReportReporter -->
<testsuite hostname="DESKTOP-1JBSF4H" failures="0" tests="1" name="page_object.dataandmethod" time="8.257" errors="0" timestamp="2024-08-08T14:02:54 IST" skipped="0">
  <testcase classname="page_object.dataandmethod" name="test" time="8.257"/>
  <system-out/>
</testsuite> <!-- page_object.dataandmethod -->
