<?xml version="1.0" encoding="UTF-8"?>
<!-- Generated by org.testng.reporters.JUnitReportReporter -->
<testsuite hostname="DESKTOP-1JBSF4H" failures="0" tests="1" name="Varsity_mentor.TC_10_It_should_not_submit" time="31.516" errors="0" timestamp="2024-07-17T15:06:21 IST" skipped="0">
  <testcase classname="Varsity_mentor.TC_10_It_should_not_submit" name="Fill_number_with_blank_value" time="31.516"/>
  <system-out/>
</testsuite> <!-- Varsity_mentor.TC_10_It_should_not_submit -->
