<?xml version="1.0" encoding="UTF-8"?>
<!-- Generated by org.testng.reporters.JUnitReportReporter -->
<testsuite hostname="DESKTOP-1JBSF4H" failures="0" tests="1" name="pixlogix.Resume_upload_" time="0.569" errors="0" timestamp="2024-07-15T17:10:37 IST" skipped="0">
  <testcase classname="pixlogix.Resume_upload_" name="Resume_file_is_updating" time="0.569"/>
  <system-out/>
</testsuite> <!-- pixlogix.Resume_upload_ -->
