<?xml version="1.0" encoding="UTF-8"?>
<!-- Generated by org.testng.reporters.JUnitReportReporter -->
<testsuite hostname="DESKTOP-1JBSF4H" failures="0" tests="1" name="Varsity_mentor.TC_4_It_should_be_submit" time="36.956" errors="0" timestamp="2024-07-17T15:06:21 IST" skipped="0">
  <testcase classname="Varsity_mentor.TC_4_It_should_be_submit" name="Button_check_enable_or_not" time="36.956"/>
  <system-out/>
</testsuite> <!-- Varsity_mentor.TC_4_It_should_be_submit -->
