<?xml version="1.0" encoding="UTF-8"?>
<!-- Generated by org.testng.reporters.JUnitReportReporter -->
<testsuite hostname="DESKTOP-1JBSF4H" failures="0" tests="1" name="Varsity_mentor.Returnig_page_show" time="35.351" errors="0" timestamp="2024-07-17T12:59:37 IST" skipped="0">
  <testcase classname="Varsity_mentor.Returnig_page_show" name="Returnig_page_showing_or_not" time="35.351"/>
  <system-out/>
</testsuite> <!-- Varsity_mentor.Returnig_page_show -->
