<?xml version="1.0" encoding="UTF-8"?>
<!-- Generated by org.testng.reporters.JUnitReportReporter -->
<testsuite hostname="DESKTOP-1JBSF4H" failures="0" tests="1" name="Varsity_mentor.TC_100_It_should_be_submit" time="41.027" errors="0" timestamp="2024-07-17T12:22:34 IST" skipped="0">
  <testcase classname="Varsity_mentor.TC_100_It_should_be_submit" name="Fill_Positve_value_with_new_radio_button_click" time="41.027"/>
  <system-out/>
</testsuite> <!-- Varsity_mentor.TC_100_It_should_be_submit -->
