<?xml version="1.0" encoding="UTF-8"?>
<!-- Generated by org.testng.reporters.JUnitReportReporter -->
<testsuite hostname="DESKTOP-1JBSF4H" failures="0" tests="1" name="Varsity_mentor._TC_26_It_should_be_submit" time="37.520" errors="0" timestamp="2024-07-17T12:27:11 IST" skipped="0">
  <testcase classname="Varsity_mentor._TC_26_It_should_be_submit" name="Fill_with_only_required_field" time="37.520"/>
  <system-out/>
</testsuite> <!-- Varsity_mentor._TC_26_It_should_be_submit -->
