<?xml version="1.0" encoding="UTF-8"?>
<!-- Generated by org.testng.reporters.JUnitReportReporter -->
<testsuite hostname="DESKTOP-1JBSF4H" failures="0" tests="1" name="Varsity_mentor.With_Required_field_blank_3" time="64.712" errors="0" timestamp="2024-07-15T18:34:04 IST" skipped="0">
  <testcase classname="Varsity_mentor.With_Required_field_blank_3" name="Posive_case_with_new" time="64.712"/>
  <system-out/>
</testsuite> <!-- Varsity_mentor.With_Required_field_blank_3 -->
