<?xml version="1.0" encoding="UTF-8"?>
<!-- Generated by org.testng.reporters.JUnitReportReporter -->
<testsuite hostname="DESKTOP-1JBSF4H" failures="0" tests="1" name="pixlogix.Fill_name_with_space_7" time="18.047" errors="0" timestamp="2024-07-15T17:10:37 IST" skipped="0">
  <testcase classname="pixlogix.Fill_name_with_space_7" name="Fill_age_with_space_value" time="18.047"/>
  <system-out/>
</testsuite> <!-- pixlogix.Fill_name_with_space_7 -->
