<?xml version="1.0" encoding="UTF-8"?>
<!-- Generated by org.testng.reporters.JUnitReportReporter -->
<testsuite hostname="DESKTOP-1JBSF4H" failures="0" tests="1" name="pixlogix.submit_button" time="18.813" errors="0" timestamp="2024-07-12T11:59:03 IST" skipped="0">
  <testcase classname="pixlogix.submit_button" name="Button_enable_or_not" time="18.813"/>
  <system-out/>
</testsuite> <!-- pixlogix.submit_button -->
