<?xml version="1.0" encoding="UTF-8"?>
<!-- Generated by org.testng.reporters.JUnitReportReporter -->
<testsuite hostname="DESKTOP-1JBSF4H" failures="0" tests="1" name="pixlogix.Tc_8_it_should_not_submit" time="5.432" errors="0" timestamp="2024-07-16T15:35:02 IST" skipped="0">
  <testcase classname="pixlogix.Tc_8_it_should_not_submit" name="Fill_required_field_with_expected_CTC_blank_" time="5.432"/>
  <system-out/>
</testsuite> <!-- pixlogix.Tc_8_it_should_not_submit -->
